INFO [2025-01-09 21:55:35] [[1]]
INFO [2025-01-09 21:55:35] ven3
INFO [2025-01-09 21:55:35] 
INFO [2025-01-09 21:55:35] $filename
INFO [2025-01-09 21:55:35] NULL
INFO [2025-01-09 21:55:35] 
INFO [2025-01-09 21:55:35] $lwd
INFO [2025-01-09 21:55:35] [1] 2
INFO [2025-01-09 21:55:35] 
INFO [2025-01-09 21:55:35] $lty
INFO [2025-01-09 21:55:35] [1] 1
INFO [2025-01-09 21:55:35] 
INFO [2025-01-09 21:55:35] $fill
INFO [2025-01-09 21:55:35] c("red", "blue", "yellow")
INFO [2025-01-09 21:55:35] 
INFO [2025-01-09 21:55:35] $col
INFO [2025-01-09 21:55:35] c("red", "blue", "yellow")
INFO [2025-01-09 21:55:35] 
INFO [2025-01-09 21:55:35] $cat.col
INFO [2025-01-09 21:55:35] c("red", "blue", "yellow")
INFO [2025-01-09 21:55:35] 
INFO [2025-01-09 21:55:35] $cat.cex
INFO [2025-01-09 21:55:35] [1] 4
INFO [2025-01-09 21:55:35] 
INFO [2025-01-09 21:55:35] $rotation.degree
INFO [2025-01-09 21:55:35] [1] 0
INFO [2025-01-09 21:55:35] 
INFO [2025-01-09 21:55:35] $main
INFO [2025-01-09 21:55:35] [1] ""
INFO [2025-01-09 21:55:35] 
INFO [2025-01-09 21:55:35] $main.cex
INFO [2025-01-09 21:55:35] [1] 2
INFO [2025-01-09 21:55:35] 
INFO [2025-01-09 21:55:35] $sub
INFO [2025-01-09 21:55:35] [1] ""
INFO [2025-01-09 21:55:35] 
INFO [2025-01-09 21:55:35] $sub.cex
INFO [2025-01-09 21:55:35] [1] 1
INFO [2025-01-09 21:55:35] 
INFO [2025-01-09 21:55:35] $cex
INFO [2025-01-09 21:55:35] [1] 3
INFO [2025-01-09 21:55:35] 
INFO [2025-01-09 21:55:35] $alpha
INFO [2025-01-09 21:55:35] [1] 0.5
INFO [2025-01-09 21:55:35] 
INFO [2025-01-09 21:55:35] $reverse
INFO [2025-01-09 21:55:35] [1] TRUE
INFO [2025-01-09 21:55:35] 
INFO [2025-01-09 21:55:35] $scaled
INFO [2025-01-09 21:55:35] [1] FALSE
INFO [2025-01-09 21:55:35] 
