INFO [2024-12-30 17:29:51] [[1]]
INFO [2024-12-30 17:29:51] ven3
INFO [2024-12-30 17:29:51] 
INFO [2024-12-30 17:29:51] $filename
INFO [2024-12-30 17:29:51] NULL
INFO [2024-12-30 17:29:51] 
INFO [2024-12-30 17:29:51] $lwd
INFO [2024-12-30 17:29:51] [1] 2
INFO [2024-12-30 17:29:51] 
INFO [2024-12-30 17:29:51] $lty
INFO [2024-12-30 17:29:51] [1] 1
INFO [2024-12-30 17:29:51] 
INFO [2024-12-30 17:29:51] $fill
INFO [2024-12-30 17:29:51] c("red", "blue", "yellow")
INFO [2024-12-30 17:29:51] 
INFO [2024-12-30 17:29:51] $col
INFO [2024-12-30 17:29:51] c("red", "blue", "yellow")
INFO [2024-12-30 17:29:51] 
INFO [2024-12-30 17:29:51] $cat.col
INFO [2024-12-30 17:29:51] c("red", "blue", "yellow")
INFO [2024-12-30 17:29:51] 
INFO [2024-12-30 17:29:51] $cat.cex
INFO [2024-12-30 17:29:51] [1] 4
INFO [2024-12-30 17:29:51] 
INFO [2024-12-30 17:29:51] $rotation.degree
INFO [2024-12-30 17:29:51] [1] 0
INFO [2024-12-30 17:29:51] 
INFO [2024-12-30 17:29:51] $main
INFO [2024-12-30 17:29:51] [1] ""
INFO [2024-12-30 17:29:51] 
INFO [2024-12-30 17:29:51] $main.cex
INFO [2024-12-30 17:29:51] [1] 2
INFO [2024-12-30 17:29:51] 
INFO [2024-12-30 17:29:51] $sub
INFO [2024-12-30 17:29:51] [1] ""
INFO [2024-12-30 17:29:51] 
INFO [2024-12-30 17:29:51] $sub.cex
INFO [2024-12-30 17:29:51] [1] 1
INFO [2024-12-30 17:29:51] 
INFO [2024-12-30 17:29:51] $cex
INFO [2024-12-30 17:29:51] [1] 3
INFO [2024-12-30 17:29:51] 
INFO [2024-12-30 17:29:51] $alpha
INFO [2024-12-30 17:29:51] [1] 0.5
INFO [2024-12-30 17:29:51] 
INFO [2024-12-30 17:29:51] $reverse
INFO [2024-12-30 17:29:51] [1] TRUE
INFO [2024-12-30 17:29:51] 
INFO [2024-12-30 17:29:51] $scaled
INFO [2024-12-30 17:29:51] [1] FALSE
INFO [2024-12-30 17:29:51] 
